2024-07-18 17:35:49,403 - INFO - Logging intitialized for movies at 2024-07-18_17_35-49
2024-07-18 17:35:49,407 - DEBUG - Using selector: EpollSelector
2024-07-18 17:35:49,804 - INFO - MovieID 120 with genreID (2,) added
2024-07-18 17:35:49,823 - INFO - MovieID 120 with genreID (9,) added
2024-07-18 17:35:49,848 - INFO - MovieID 120 with genreID (1,) added
2024-07-18 17:35:49,850 - INFO - Total genres added for movie ID 120: 3
2024-07-18 17:35:50,033 - INFO - MovieID 121 with genreID (2,) added
2024-07-18 17:35:50,074 - INFO - MovieID 121 with genreID (9,) added
2024-07-18 17:35:50,119 - INFO - MovieID 121 with genreID (1,) added
2024-07-18 17:35:50,122 - INFO - Total genres added for movie ID 121: 3
2024-07-18 17:35:50,285 - INFO - MovieID 122 with genreID (2,) added
2024-07-18 17:35:50,322 - INFO - MovieID 122 with genreID (9,) added
2024-07-18 17:35:50,357 - INFO - MovieID 122 with genreID (1,) added
2024-07-18 17:35:50,358 - INFO - Total genres added for movie ID 122: 3
2024-07-18 17:35:50,542 - INFO - MovieID 123 with genreID (2,) added
2024-07-18 17:35:50,562 - INFO - MovieID 123 with genreID (3,) added
2024-07-18 17:35:50,584 - INFO - MovieID 123 with genreID (9,) added
2024-07-18 17:35:50,585 - INFO - Total genres added for movie ID 123: 3
2024-07-18 17:35:50,745 - INFO - MovieID 124 with genreID (7,) added
2024-07-18 17:35:50,747 - INFO - Total genres added for movie ID 124: 1
2024-07-18 17:35:51,018 - INFO - [125, 'change Movie overview']
2024-07-18 17:35:51,047 - INFO - MovieID 125 with genreID (6,) added
2024-07-18 17:35:51,048 - INFO - Total genres added for movie ID 125: 1
2024-07-18 17:35:51,309 - INFO - [126, 'change Movie overview']
2024-07-18 17:35:51,348 - INFO - MovieID 126 with genreID (7,) added
2024-07-18 17:35:51,368 - INFO - MovieID 126 with genreID (16,) added
2024-07-18 17:35:51,369 - INFO - Total genres added for movie ID 126: 2
2024-07-18 17:35:51,524 - INFO - MovieID 127 with genreID (7,) added
2024-07-18 17:35:51,525 - INFO - Total genres added for movie ID 127: 1
2024-07-18 17:35:51,675 - INFO - MovieID 128 with genreID (2,) added
2024-07-18 17:35:51,694 - INFO - MovieID 128 with genreID (9,) added
2024-07-18 17:35:51,714 - INFO - MovieID 128 with genreID (3,) added
2024-07-18 17:35:51,715 - INFO - Total genres added for movie ID 128: 3
2024-07-18 17:35:51,877 - INFO - MovieID 129 with genreID (3,) added
2024-07-18 17:35:51,896 - INFO - MovieID 129 with genreID (8,) added
2024-07-18 17:35:51,915 - INFO - MovieID 129 with genreID (9,) added
2024-07-18 17:35:51,916 - INFO - Total genres added for movie ID 129: 3
2024-07-18 17:35:51,917 - INFO - Last id Added : 129
2024-07-18 17:35:51,918 - INFO - Script running for 2.5086352825164795 seconds
2024-07-18 17:35:51,918 - INFO - Added 10 movies
2024-07-18 17:35:51,918 - INFO - Failed : []
