2024-07-18 17:32:02,549 - INFO - Logging intitialized for movies at 2024-07-18_17_32-02
2024-07-18 17:32:02,559 - DEBUG - Using selector: EpollSelector
2024-07-18 17:32:02,879 - WARNING - Movie with id 10 not found.
2024-07-18 17:32:03,166 - INFO - MovieID 11 with genreID (2,) added
2024-07-18 17:32:03,215 - INFO - MovieID 11 with genreID (1,) added
2024-07-18 17:32:03,264 - INFO - MovieID 11 with genreID (15,) added
2024-07-18 17:32:03,266 - INFO - Total genres added for movie ID 11: 3
2024-07-18 17:32:03,371 - INFO - MovieID 12 with genreID (3,) added
2024-07-18 17:32:03,442 - INFO - MovieID 12 with genreID (8,) added
2024-07-18 17:32:03,444 - INFO - Total genres added for movie ID 12: 2
2024-07-18 17:32:03,523 - INFO - MovieID 13 with genreID (4,) added
2024-07-18 17:32:03,559 - INFO - MovieID 13 with genreID (7,) added
2024-07-18 17:32:03,629 - INFO - MovieID 13 with genreID (14,) added
2024-07-18 17:32:03,632 - INFO - Total genres added for movie ID 13: 3
2024-07-18 17:32:03,728 - INFO - MovieID 14 with genreID (7,) added
2024-07-18 17:32:03,729 - INFO - Total genres added for movie ID 14: 1
2024-07-18 17:32:03,872 - INFO - MovieID 15 with genreID (13,) added
2024-07-18 17:32:03,921 - INFO - MovieID 15 with genreID (7,) added
2024-07-18 17:32:03,923 - INFO - Total genres added for movie ID 15: 2
2024-07-18 17:32:04,001 - INFO - MovieID 16 with genreID (7,) added
2024-07-18 17:32:04,029 - INFO - MovieID 16 with genreID (5,) added
2024-07-18 17:32:04,030 - INFO - Total genres added for movie ID 16: 2
2024-07-18 17:32:04,115 - INFO - MovieID 17 with genreID (11,) added
2024-07-18 17:32:04,153 - INFO - MovieID 17 with genreID (17,) added
2024-07-18 17:32:04,181 - INFO - MovieID 17 with genreID (13,) added
2024-07-18 17:32:04,183 - INFO - Total genres added for movie ID 17: 3
2024-07-18 17:32:04,236 - INFO - MovieID 18 with genreID (2,) added
2024-07-18 17:32:04,267 - INFO - MovieID 18 with genreID (9,) added
2024-07-18 17:32:04,296 - INFO - MovieID 18 with genreID (1,) added
2024-07-18 17:32:04,327 - INFO - MovieID 18 with genreID (17,) added
2024-07-18 17:32:04,357 - INFO - MovieID 18 with genreID (15,) added
2024-07-18 17:32:04,358 - INFO - Total genres added for movie ID 18: 5
2024-07-18 17:32:04,409 - INFO - MovieID 19 with genreID (7,) added
2024-07-18 17:32:04,438 - INFO - MovieID 19 with genreID (15,) added
2024-07-18 17:32:04,439 - INFO - Total genres added for movie ID 19: 2
2024-07-18 17:32:04,494 - INFO - MovieID 20 with genreID (7,) added
2024-07-18 17:32:04,523 - INFO - MovieID 20 with genreID (14,) added
2024-07-18 17:32:04,524 - INFO - Total genres added for movie ID 20: 2
2024-07-18 17:32:04,548 - INFO - [21, 'change Movie overview']
2024-07-18 17:32:04,587 - INFO - MovieID 21 with genreID (6,) added
2024-07-18 17:32:04,588 - INFO - Total genres added for movie ID 21: 1
2024-07-18 17:32:04,642 - INFO - MovieID 22 with genreID (2,) added
2024-07-18 17:32:04,670 - INFO - MovieID 22 with genreID (9,) added
2024-07-18 17:32:04,706 - INFO - MovieID 22 with genreID (1,) added
2024-07-18 17:32:04,707 - INFO - Total genres added for movie ID 22: 3
2024-07-18 17:32:04,835 - WARNING - Movie with id 23 not found.
2024-07-18 17:32:04,943 - INFO - MovieID 24 with genreID (1,) added
2024-07-18 17:32:05,078 - INFO - MovieID 24 with genreID (5,) added
2024-07-18 17:32:05,087 - INFO - Total genres added for movie ID 24: 2
2024-07-18 17:32:05,279 - INFO - MovieID 25 with genreID (7,) added
2024-07-18 17:32:05,355 - INFO - MovieID 25 with genreID (18,) added
2024-07-18 17:32:05,357 - INFO - Total genres added for movie ID 25: 2
2024-07-18 17:32:05,438 - INFO - MovieID 26 with genreID (7,) added
2024-07-18 17:32:05,440 - INFO - Total genres added for movie ID 26: 1
2024-07-18 17:32:05,515 - INFO - MovieID 27 with genreID (7,) added
2024-07-18 17:32:05,544 - INFO - MovieID 27 with genreID (12,) added
2024-07-18 17:32:05,570 - INFO - MovieID 27 with genreID (14,) added
2024-07-18 17:32:05,571 - INFO - Total genres added for movie ID 27: 3
2024-07-18 17:32:05,636 - INFO - MovieID 28 with genreID (7,) added
2024-07-18 17:32:05,661 - INFO - MovieID 28 with genreID (18,) added
2024-07-18 17:32:05,662 - INFO - Total genres added for movie ID 28: 2
2024-07-18 17:32:05,794 - WARNING - Movie with id 29 not found.
2024-07-18 17:32:05,936 - WARNING - Movie with id 30 not found.
2024-07-18 17:32:06,107 - WARNING - Movie with id 31 not found.
2024-07-18 17:32:06,235 - WARNING - Movie with id 32 not found.
2024-07-18 17:32:06,298 - INFO - MovieID 33 with genreID (19,) added
2024-07-18 17:32:06,299 - INFO - Total genres added for movie ID 33: 1
2024-07-18 17:32:06,435 - WARNING - Movie with id 34 not found.
2024-07-18 17:32:06,567 - INFO - MovieID 35 with genreID (3,) added
2024-07-18 17:32:06,643 - INFO - MovieID 35 with genreID (4,) added
2024-07-18 17:32:06,688 - INFO - MovieID 35 with genreID (8,) added
2024-07-18 17:32:06,689 - INFO - Total genres added for movie ID 35: 3
2024-07-18 17:32:06,817 - WARNING - Movie with id 36 not found.
2024-07-18 17:32:06,946 - WARNING - Movie with id 37 not found.
2024-07-18 17:32:07,046 - INFO - MovieID 38 with genreID (15,) added
2024-07-18 17:32:07,090 - INFO - MovieID 38 with genreID (7,) added
2024-07-18 17:32:07,124 - INFO - MovieID 38 with genreID (14,) added
2024-07-18 17:32:07,125 - INFO - Total genres added for movie ID 38: 3
2024-07-18 17:32:07,250 - WARNING - Movie with id 39 not found.
2024-07-18 17:32:07,377 - WARNING - Movie with id 40 not found.
2024-07-18 17:32:07,506 - WARNING - Movie with id 41 not found.
2024-07-18 17:32:07,661 - WARNING - Movie with id 42 not found.
2024-07-18 17:32:07,793 - WARNING - Movie with id 43 not found.
2024-07-18 17:32:07,940 - WARNING - Movie with id 44 not found.
2024-07-18 17:32:08,075 - WARNING - Movie with id 45 not found.
2024-07-18 17:32:08,210 - WARNING - Movie with id 46 not found.
2024-07-18 17:32:08,339 - WARNING - Movie with id 47 not found.
2024-07-18 17:32:08,472 - WARNING - Movie with id 48 not found.
2024-07-18 17:32:08,618 - WARNING - Movie with id 49 not found.
2024-07-18 17:32:08,745 - WARNING - Movie with id 50 not found.
2024-07-18 17:32:08,881 - WARNING - Movie with id 51 not found.
2024-07-18 17:32:09,010 - WARNING - Movie with id 52 not found.
2024-07-18 17:32:09,136 - WARNING - Movie with id 53 not found.
2024-07-18 17:32:09,264 - WARNING - Movie with id 54 not found.
2024-07-18 17:32:09,442 - INFO - MovieID 55 with genreID (7,) added
2024-07-18 17:32:09,468 - INFO - MovieID 55 with genreID (17,) added
2024-07-18 17:32:09,469 - INFO - Total genres added for movie ID 55: 2
2024-07-18 17:32:09,595 - WARNING - Movie with id 56 not found.
2024-07-18 17:32:09,721 - WARNING - Movie with id 57 not found.
2024-07-18 17:32:09,911 - INFO - MovieID 58 with genreID (2,) added
2024-07-18 17:32:09,975 - INFO - MovieID 58 with genreID (9,) added
2024-07-18 17:32:10,039 - INFO - MovieID 58 with genreID (1,) added
2024-07-18 17:32:10,042 - INFO - Total genres added for movie ID 58: 3
2024-07-18 17:32:10,345 - INFO - MovieID 59 with genreID (7,) added
2024-07-18 17:32:10,435 - INFO - MovieID 59 with genreID (17,) added
2024-07-18 17:32:10,527 - INFO - MovieID 59 with genreID (5,) added
2024-07-18 17:32:10,528 - INFO - Total genres added for movie ID 59: 3
2024-07-18 17:32:10,679 - WARNING - Movie with id 60 not found.
2024-07-18 17:32:10,808 - WARNING - Movie with id 61 not found.
2024-07-18 17:32:10,984 - INFO - MovieID 62 with genreID (15,) added
2024-07-18 17:32:11,031 - INFO - MovieID 62 with genreID (13,) added
2024-07-18 17:32:11,069 - INFO - MovieID 62 with genreID (2,) added
2024-07-18 17:32:11,070 - INFO - Total genres added for movie ID 62: 3
2024-07-18 17:32:11,264 - INFO - MovieID 63 with genreID (15,) added
2024-07-18 17:32:11,311 - INFO - MovieID 63 with genreID (17,) added
2024-07-18 17:32:11,371 - INFO - MovieID 63 with genreID (13,) added
2024-07-18 17:32:11,376 - INFO - Total genres added for movie ID 63: 3
2024-07-18 17:32:11,590 - INFO - MovieID 64 with genreID (7,) added
2024-07-18 17:32:11,621 - INFO - MovieID 64 with genreID (14,) added
2024-07-18 17:32:11,624 - INFO - Total genres added for movie ID 64: 2
2024-07-18 17:32:11,793 - INFO - MovieID 65 with genreID (7,) added
2024-07-18 17:32:11,823 - INFO - MovieID 65 with genreID (12,) added
2024-07-18 17:32:11,824 - INFO - Total genres added for movie ID 65: 2
2024-07-18 17:32:12,021 - INFO - MovieID 66 with genreID (5,) added
2024-07-18 17:32:12,076 - INFO - MovieID 66 with genreID (7,) added
2024-07-18 17:32:12,140 - INFO - MovieID 66 with genreID (1,) added
2024-07-18 17:32:12,142 - INFO - Total genres added for movie ID 66: 3
2024-07-18 17:32:12,328 - INFO - MovieID 67 with genreID (17,) added
2024-07-18 17:32:12,368 - INFO - MovieID 67 with genreID (5,) added
2024-07-18 17:32:12,442 - INFO - MovieID 67 with genreID (7,) added
2024-07-18 17:32:12,444 - INFO - Total genres added for movie ID 67: 3
2024-07-18 17:32:12,625 - INFO - MovieID 68 with genreID (4,) added
2024-07-18 17:32:12,682 - INFO - MovieID 68 with genreID (15,) added
2024-07-18 17:32:12,684 - INFO - Total genres added for movie ID 68: 2
2024-07-18 17:32:12,857 - INFO - MovieID 69 with genreID (7,) added
2024-07-18 17:32:12,883 - INFO - MovieID 69 with genreID (12,) added
2024-07-18 17:32:12,913 - INFO - MovieID 69 with genreID (14,) added
2024-07-18 17:32:12,914 - INFO - Total genres added for movie ID 69: 3
2024-07-18 17:32:13,100 - INFO - MovieID 70 with genreID (7,) added
2024-07-18 17:32:13,101 - INFO - Total genres added for movie ID 70: 1
2024-07-18 17:32:13,282 - INFO - MovieID 71 with genreID (7,) added
2024-07-18 17:32:13,320 - INFO - MovieID 71 with genreID (4,) added
2024-07-18 17:32:13,348 - INFO - MovieID 71 with genreID (12,) added
2024-07-18 17:32:13,349 - INFO - Total genres added for movie ID 71: 3
2024-07-18 17:32:13,501 - WARNING - Movie with id 72 not found.
2024-07-18 17:32:13,700 - INFO - MovieID 73 with genreID (7,) added
2024-07-18 17:32:13,703 - INFO - Total genres added for movie ID 73: 1
2024-07-18 17:32:13,989 - INFO - MovieID 74 with genreID (2,) added
2024-07-18 17:32:14,172 - INFO - MovieID 74 with genreID (17,) added
2024-07-18 17:32:14,223 - INFO - MovieID 74 with genreID (15,) added
2024-07-18 17:32:14,227 - INFO - Total genres added for movie ID 74: 3
2024-07-18 17:32:14,398 - INFO - MovieID 75 with genreID (4,) added
2024-07-18 17:32:14,427 - INFO - MovieID 75 with genreID (9,) added
2024-07-18 17:32:14,455 - INFO - MovieID 75 with genreID (15,) added
2024-07-18 17:32:14,456 - INFO - Total genres added for movie ID 75: 3
2024-07-18 17:32:14,630 - INFO - MovieID 76 with genreID (7,) added
2024-07-18 17:32:14,679 - INFO - MovieID 76 with genreID (14,) added
2024-07-18 17:32:14,682 - INFO - Total genres added for movie ID 76: 2
2024-07-18 17:32:14,863 - INFO - MovieID 77 with genreID (13,) added
2024-07-18 17:32:14,903 - INFO - MovieID 77 with genreID (17,) added
2024-07-18 17:32:14,904 - INFO - Total genres added for movie ID 77: 2
2024-07-18 17:32:15,069 - INFO - MovieID 78 with genreID (15,) added
2024-07-18 17:32:15,098 - INFO - MovieID 78 with genreID (7,) added
2024-07-18 17:32:15,125 - INFO - MovieID 78 with genreID (17,) added
2024-07-18 17:32:15,126 - INFO - Total genres added for movie ID 78: 3
2024-07-18 17:32:15,334 - INFO - MovieID 79 with genreID (7,) added
2024-07-18 17:32:15,394 - INFO - MovieID 79 with genreID (2,) added
2024-07-18 17:32:15,423 - INFO - MovieID 79 with genreID (1,) added
2024-07-18 17:32:15,451 - INFO - MovieID 79 with genreID (10,) added
2024-07-18 17:32:15,453 - INFO - Total genres added for movie ID 79: 4
2024-07-18 17:32:15,634 - INFO - MovieID 80 with genreID (7,) added
2024-07-18 17:32:15,686 - INFO - MovieID 80 with genreID (14,) added
2024-07-18 17:32:15,689 - INFO - Total genres added for movie ID 80: 2
2024-07-18 17:32:15,885 - INFO - MovieID 81 with genreID (2,) added
2024-07-18 17:32:15,938 - INFO - MovieID 81 with genreID (3,) added
2024-07-18 17:32:16,061 - INFO - MovieID 81 with genreID (9,) added
2024-07-18 17:32:16,071 - INFO - Total genres added for movie ID 81: 3
2024-07-18 17:32:16,233 - INFO - MovieID 82 with genreID (1,) added
2024-07-18 17:32:16,273 - INFO - MovieID 82 with genreID (5,) added
2024-07-18 17:32:16,299 - INFO - MovieID 82 with genreID (17,) added
2024-07-18 17:32:16,300 - INFO - Total genres added for movie ID 82: 3
2024-07-18 17:32:16,511 - INFO - MovieID 83 with genreID (7,) added
2024-07-18 17:32:16,581 - INFO - MovieID 83 with genreID (17,) added
2024-07-18 17:32:16,645 - INFO - MovieID 83 with genreID (11,) added
2024-07-18 17:32:16,648 - INFO - Total genres added for movie ID 83: 3
2024-07-18 17:32:16,778 - WARNING - Movie with id 84 not found.
2024-07-18 17:32:16,959 - INFO - MovieID 85 with genreID (2,) added
2024-07-18 17:32:16,979 - INFO - MovieID 85 with genreID (1,) added
2024-07-18 17:32:16,980 - INFO - Total genres added for movie ID 85: 2
2024-07-18 17:32:17,166 - INFO - MovieID 86 with genreID (7,) added
2024-07-18 17:32:17,192 - INFO - MovieID 86 with genreID (14,) added
2024-07-18 17:32:17,193 - INFO - Total genres added for movie ID 86: 2
2024-07-18 17:32:17,354 - INFO - MovieID 87 with genreID (2,) added
2024-07-18 17:32:17,394 - INFO - MovieID 87 with genreID (1,) added
2024-07-18 17:32:17,395 - INFO - Total genres added for movie ID 87: 2
2024-07-18 17:32:17,576 - INFO - MovieID 88 with genreID (7,) added
2024-07-18 17:32:17,603 - INFO - MovieID 88 with genreID (12,) added
2024-07-18 17:32:17,632 - INFO - MovieID 88 with genreID (14,) added
2024-07-18 17:32:17,633 - INFO - Total genres added for movie ID 88: 3
2024-07-18 17:32:17,917 - INFO - MovieID 89 with genreID (2,) added
2024-07-18 17:32:18,006 - INFO - MovieID 89 with genreID (1,) added
2024-07-18 17:32:18,007 - INFO - Total genres added for movie ID 89: 2
2024-07-18 17:32:18,224 - INFO - MovieID 90 with genreID (4,) added
2024-07-18 17:32:18,263 - INFO - MovieID 90 with genreID (5,) added
2024-07-18 17:32:18,297 - INFO - MovieID 90 with genreID (1,) added
2024-07-18 17:32:18,298 - INFO - Total genres added for movie ID 90: 3
2024-07-18 17:32:18,560 - INFO - [91, 'change Movie overview']
2024-07-18 17:32:18,605 - INFO - MovieID 91 with genreID (6,) added
2024-07-18 17:32:18,607 - INFO - Total genres added for movie ID 91: 1
2024-07-18 17:32:18,871 - INFO - [92, 'change Movie overview']
2024-07-18 17:32:18,916 - INFO - MovieID 92 with genreID (6,) added
2024-07-18 17:32:18,917 - INFO - Total genres added for movie ID 92: 1
2024-07-18 17:32:19,129 - INFO - MovieID 93 with genreID (5,) added
2024-07-18 17:32:19,194 - INFO - MovieID 93 with genreID (7,) added
2024-07-18 17:32:19,252 - INFO - MovieID 93 with genreID (13,) added
2024-07-18 17:32:19,253 - INFO - Total genres added for movie ID 93: 3
2024-07-18 17:32:19,504 - INFO - [94, 'change Movie overview']
2024-07-18 17:32:19,574 - INFO - MovieID 94 with genreID (4,) added
2024-07-18 17:32:19,576 - INFO - Total genres added for movie ID 94: 1
2024-07-18 17:32:19,793 - INFO - MovieID 95 with genreID (1,) added
2024-07-18 17:32:19,841 - INFO - MovieID 95 with genreID (17,) added
2024-07-18 17:32:19,883 - INFO - MovieID 95 with genreID (15,) added
2024-07-18 17:32:19,921 - INFO - MovieID 95 with genreID (2,) added
2024-07-18 17:32:19,922 - INFO - Total genres added for movie ID 95: 4
2024-07-18 17:32:20,122 - INFO - MovieID 96 with genreID (1,) added
2024-07-18 17:32:20,152 - INFO - MovieID 96 with genreID (4,) added
2024-07-18 17:32:20,177 - INFO - MovieID 96 with genreID (5,) added
2024-07-18 17:32:20,179 - INFO - Total genres added for movie ID 96: 3
2024-07-18 17:32:20,388 - INFO - MovieID 97 with genreID (15,) added
2024-07-18 17:32:20,447 - INFO - MovieID 97 with genreID (1,) added
2024-07-18 17:32:20,516 - INFO - MovieID 97 with genreID (2,) added
2024-07-18 17:32:20,518 - INFO - Total genres added for movie ID 97: 3
2024-07-18 17:32:20,713 - INFO - MovieID 98 with genreID (1,) added
2024-07-18 17:32:20,740 - INFO - MovieID 98 with genreID (7,) added
2024-07-18 17:32:20,779 - INFO - MovieID 98 with genreID (2,) added
2024-07-18 17:32:20,782 - INFO - Total genres added for movie ID 98: 3
2024-07-18 17:32:20,947 - INFO - MovieID 99 with genreID (4,) added
2024-07-18 17:32:20,972 - INFO - MovieID 99 with genreID (7,) added
2024-07-18 17:32:20,973 - INFO - Total genres added for movie ID 99: 2
2024-07-18 17:32:20,975 - INFO - Last id Added : 99
2024-07-18 17:32:20,976 - INFO - Script running for 18.41187810897827 seconds
2024-07-18 17:32:20,976 - INFO - Added 59 movies
2024-07-18 17:32:20,976 - INFO - Failed : []
