2024-07-18 17:34:16,858 - INFO - Logging intitialized for movies at 2024-07-18_17_34-16
2024-07-18 17:34:16,867 - DEBUG - Using selector: EpollSelector
2024-07-18 17:34:17,203 - INFO - MovieID 110 with genreID (7,) added
2024-07-18 17:34:17,222 - INFO - MovieID 110 with genreID (13,) added
2024-07-18 17:34:17,241 - INFO - MovieID 110 with genreID (14,) added
2024-07-18 17:34:17,242 - INFO - Total genres added for movie ID 110: 3
2024-07-18 17:34:17,416 - INFO - MovieID 111 with genreID (1,) added
2024-07-18 17:34:17,443 - INFO - MovieID 111 with genreID (5,) added
2024-07-18 17:34:17,467 - INFO - MovieID 111 with genreID (7,) added
2024-07-18 17:34:17,468 - INFO - Total genres added for movie ID 111: 3
2024-07-18 17:34:17,647 - INFO - MovieID 112 with genreID (4,) added
2024-07-18 17:34:17,676 - INFO - MovieID 112 with genreID (7,) added
2024-07-18 17:34:17,699 - INFO - MovieID 112 with genreID (14,) added
2024-07-18 17:34:17,700 - INFO - Total genres added for movie ID 112: 3
2024-07-18 17:34:17,967 - INFO - [113, 'change Movie overview']
2024-07-18 17:34:18,023 - INFO - MovieID 113 with genreID (7,) added
2024-07-18 17:34:18,025 - INFO - Total genres added for movie ID 113: 1
2024-07-18 17:34:18,198 - INFO - MovieID 114 with genreID (4,) added
2024-07-18 17:34:18,220 - INFO - MovieID 114 with genreID (14,) added
2024-07-18 17:34:18,220 - INFO - Total genres added for movie ID 114: 2
2024-07-18 17:34:18,389 - INFO - MovieID 115 with genreID (4,) added
2024-07-18 17:34:18,409 - INFO - MovieID 115 with genreID (5,) added
2024-07-18 17:34:18,410 - INFO - Total genres added for movie ID 115: 2
2024-07-18 17:34:18,562 - INFO - MovieID 116 with genreID (7,) added
2024-07-18 17:34:18,584 - INFO - MovieID 116 with genreID (17,) added
2024-07-18 17:34:18,605 - INFO - MovieID 116 with genreID (5,) added
2024-07-18 17:34:18,627 - INFO - MovieID 116 with genreID (14,) added
2024-07-18 17:34:18,627 - INFO - Total genres added for movie ID 116: 4
2024-07-18 17:34:18,796 - INFO - MovieID 117 with genreID (5,) added
2024-07-18 17:34:18,816 - INFO - MovieID 117 with genreID (10,) added
2024-07-18 17:34:18,835 - INFO - MovieID 117 with genreID (17,) added
2024-07-18 17:34:18,836 - INFO - Total genres added for movie ID 117: 3
2024-07-18 17:34:18,991 - INFO - MovieID 118 with genreID (2,) added
2024-07-18 17:34:19,010 - INFO - MovieID 118 with genreID (4,) added
2024-07-18 17:34:19,030 - INFO - MovieID 118 with genreID (8,) added
2024-07-18 17:34:19,056 - INFO - MovieID 118 with genreID (9,) added
2024-07-18 17:34:19,057 - INFO - Total genres added for movie ID 118: 4
2024-07-18 17:34:19,191 - WARNING - Movie with id 119 not found.
2024-07-18 17:34:19,194 - INFO - Last id Added : 118
2024-07-18 17:34:19,195 - INFO - Script running for 2.3265209197998047 seconds
2024-07-18 17:34:19,195 - INFO - Added 9 movies
2024-07-18 17:34:19,195 - INFO - Failed : []
