2024-07-18 17:33:29,348 - INFO - Logging intitialized for movies at 2024-07-18_17_33-29
2024-07-18 17:33:29,350 - DEBUG - Using selector: EpollSelector
2024-07-18 17:33:30,278 - INFO - MovieID 101 with genreID (5,) added
2024-07-18 17:33:30,413 - INFO - MovieID 101 with genreID (7,) added
2024-07-18 17:33:30,557 - INFO - MovieID 101 with genreID (1,) added
2024-07-18 17:33:30,561 - INFO - Total genres added for movie ID 101: 3
2024-07-18 17:33:30,776 - INFO - MovieID 102 with genreID (7,) added
2024-07-18 17:33:30,833 - INFO - MovieID 102 with genreID (14,) added
2024-07-18 17:33:30,836 - INFO - Total genres added for movie ID 102: 2
2024-07-18 17:33:30,899 - INFO - MovieID 103 with genreID (5,) added
2024-07-18 17:33:30,919 - INFO - MovieID 103 with genreID (7,) added
2024-07-18 17:33:30,920 - INFO - Total genres added for movie ID 103: 2
2024-07-18 17:33:30,988 - INFO - MovieID 104 with genreID (1,) added
2024-07-18 17:33:31,025 - INFO - MovieID 104 with genreID (7,) added
2024-07-18 17:33:31,048 - INFO - MovieID 104 with genreID (17,) added
2024-07-18 17:33:31,049 - INFO - Total genres added for movie ID 104: 3
2024-07-18 17:33:31,050 - INFO - Last id Added : 104
2024-07-18 17:33:31,051 - INFO - Script running for 1.6989164352416992 seconds
2024-07-18 17:33:31,051 - INFO - Added 4 movies
2024-07-18 17:33:31,051 - INFO - Failed : []
